<?xml version="1.0" encoding="UTF-8"?>
<!-- Generated by org.testng.reporters.JUnitReportReporter -->
<testsuite skipped="0" hostname="DESKTOP-U3P108B" name="com.Test_NG.Invocation_Count" tests="5" failures="0" timestamp="2021-05-07T21:07:35 IST" time="0.032" errors="0">
  <testcase name="refresh" time="0.000" classname="com.Test_NG.Invocation_Count"/>
  <system-out/>
  <testcase name="browserLaunch" time="0.016" classname="com.Test_NG.Invocation_Count"/>
  <system-out/>
  <testcase name="url" time="0.016" classname="com.Test_NG.Invocation_Count"/>
  <system-out/>
  <testcase name="refresh" time="0.000" classname="com.Test_NG.Invocation_Count"/>
  <system-out/>
  <testcase name="refresh" time="0.000" classname="com.Test_NG.Invocation_Count"/>
  <system-out/>
</testsuite> <!-- com.Test_NG.Invocation_Count -->
