<?xml version="1.0" encoding="UTF-8"?>
<!-- Generated by org.testng.reporters.JUnitReportReporter -->
<testsuite skipped="0" hostname="DESKTOP-U3P108B" name="com.Test_NG.Grouping_Test" tests="5" failures="0" timestamp="2021-05-10T08:56:25 IST" time="0.062" errors="0">
  <testcase name="facebook" time="0.000" classname="com.Test_NG.Grouping_Test"/>
  <system-out/>
  <testcase name="mobile" time="0.000" classname="com.Test_NG.Grouping_Test"/>
  <system-out/>
  <testcase name="laptop" time="0.000" classname="com.Test_NG.Grouping_Test"/>
  <system-out/>
  <testcase name="earphones" time="0.062" classname="com.Test_NG.Grouping_Test"/>
  <system-out/>
  <testcase name="whatsapp" time="0.000" classname="com.Test_NG.Grouping_Test"/>
  <system-out/>
</testsuite> <!-- com.Test_NG.Grouping_Test -->
