<?xml version="1.0" encoding="UTF-8"?>
<!-- Generated by org.testng.reporters.JUnitReportReporter -->
<testsuite skipped="1" hostname="DESKTOP-U3P108B" name="com.Test_NG.Ignore_Test" tests="2" failures="0" timestamp="2021-05-07T20:57:15 IST" time="0.032" errors="0">
  <testcase name="laptop" time="0.032" classname="com.Test_NG.Ignore_Test"/>
  <system-out/>
  <testcase name="mobile" classname="com.Test_NG.Ignore_Test">
    <skipped/>
  </testcase> <!-- mobile -->
  <system-out/>
</testsuite> <!-- com.Test_NG.Ignore_Test -->
