<?xml version="1.0" encoding="UTF-8"?>
<!-- Generated by org.testng.reporters.JUnitReportReporter -->
<testsuite skipped="0" hostname="DESKTOP-U3P108B" name="com.Test_NG.Priority_Test" tests="4" failures="0" timestamp="2021-05-07T21:03:20 IST" time="0.016" errors="0">
  <testcase name="laptop" time="0.016" classname="com.Test_NG.Priority_Test"/>
  <system-out/>
  <testcase name="mobile" time="0.000" classname="com.Test_NG.Priority_Test"/>
  <system-out/>
  <testcase name="earphones" time="0.000" classname="com.Test_NG.Priority_Test"/>
  <system-out/>
  <testcase name="books" time="0.000" classname="com.Test_NG.Priority_Test"/>
  <system-out/>
</testsuite> <!-- com.Test_NG.Priority_Test -->
