<?xml version="1.0" encoding="UTF-8"?>
<!-- Generated by org.testng.reporters.JUnitReportReporter -->
<testsuite skipped="0" hostname="DESKTOP-U3P108B" name="com.Test_NG.Data_Provider_Test" tests="3" failures="0" timestamp="2021-05-10T09:17:35 IST" time="0.000" errors="0">
  <testcase name="credentials" time="0.000" classname="com.Test_NG.Data_Provider_Test"/>
  <system-out/>
  <testcase name="credentials" time="0.000" classname="com.Test_NG.Data_Provider_Test"/>
  <system-out/>
  <testcase name="credentials" time="0.000" classname="com.Test_NG.Data_Provider_Test"/>
  <system-out/>
</testsuite> <!-- com.Test_NG.Data_Provider_Test -->
