<?xml version="1.0" encoding="UTF-8"?>
<!-- Generated by org.testng.reporters.JUnitReportReporter -->
<testsuite skipped="0" hostname="DESKTOP-U3P108B" name="com.Test_NG.Expected_Exception" tests="1" failures="0" timestamp="2021-05-07T21:13:47 IST" time="0.016" errors="0">
  <testcase name="demo" time="0.016" classname="com.Test_NG.Expected_Exception"/>
  <system-out/>
</testsuite> <!-- com.Test_NG.Expected_Exception -->
