<?xml version="1.0" encoding="UTF-8"?>
<!-- Generated by org.testng.reporters.JUnitReportReporter -->
<testsuite skipped="0" hostname="DESKTOP-U3P108B" name="com.Test_NG.Simple_Annotations" tests="3" failures="0" timestamp="2021-05-07T20:51:46 IST" time="0.037" errors="0">
  <testcase name="mobile" time="0.000" classname="com.Test_NG.Simple_Annotations"/>
  <system-out/>
  <testcase name="earphones" time="0.037" classname="com.Test_NG.Simple_Annotations"/>
  <system-out/>
  <testcase name="laptop" time="0.000" classname="com.Test_NG.Simple_Annotations"/>
  <system-out/>
</testsuite> <!-- com.Test_NG.Simple_Annotations -->
